<?xml version="1.0" encoding="UTF-8"?>
<testng-results skipped="0" failed="0" total="1" passed="1">
  <reporter-output>
  </reporter-output>
  <suite name="Suite" duration-ms="12512" started-at="2017-04-26T17:30:01Z" finished-at="2017-04-26T17:30:13Z">
    <groups>
    </groups>
    <test name="Test" duration-ms="12512" started-at="2017-04-26T17:30:01Z" finished-at="2017-04-26T17:30:13Z">
      <class name="TestNgDemo1.TestNgJenkis">
        <test-method status="PASS" signature="TC_01()[pri:0, instance:TestNgDemo1.TestNgJenkis@18e8568]" name="TC_01" duration-ms="12504" started-at="2017-04-26T12:30:01Z" finished-at="2017-04-26T12:30:13Z">
          <reporter-output>
          </reporter-output>
        </test-method> <!-- TC_01 -->
      </class> <!-- TestNgDemo1.TestNgJenkis -->
    </test> <!-- Test -->
  </suite> <!-- Suite -->
</testng-results>
